H APP/app/build/outputs/logs/manifest-merger-debug-report.txt
-- Merging decision tree log ---
manifest
ADDED from src/main/AndroidManifest.xml:2:1-59:12
	package
		ADDED from src/main/AndroidManifest.xml:3:5-41
		INJECTED from src/main/AndroidManifest.xml
		INJECTED from src/main/AndroidManifest.xml
	android:versionName
		INJECTED from src/main/AndroidManifest.xml
		INJECTED from src/main/AndroidManifest.xml
	xmlns:android
		ADDED from src/main/AndroidManifest.xml:2:11-69
	android:versionCode
		INJECTED from src/main/AndroidManifest.xml
		INJECTED from src/main/AndroidManifest.xml
uses-permission#android.permission.CAMERA
ADDED from src/main/AndroidManifest.xml:5:5-65
	android:name
		ADDED from src/main/AndroidManifest.xml:5:22-62
uses-permission#android.permission.INTERNET
ADDED from src/main/AndroidManifest.xml:6:5-67
	android:name
		ADDED from src/main/AndroidManifest.xml:6:22-64
uses-permission#android.permission.READ_EXTERNAL_STORAGE
ADDED from src/main/AndroidManifest.xml:7:5-80
	android:name
		ADDED from src/main/AndroidManifest.xml:7:22-77
uses-permission#android.permission.ACCESS_FINE_LOCATION
ADDED from src/main/AndroidManifest.xml:8:5-79
	android:name
		ADDED from src/main/AndroidManifest.xml:8:22-76
uses-permission#android.permission.ACCESS_COARSE_LOCATION
ADDED from src/main/AndroidManifest.xml:9:5-80
	android:name
		ADDED from src/main/AndroidManifest.xml:9:22-78
application
ADDED from src/main/AndroidManifest.xml:11:5-57:19
MERGED from [de.hdodenhof:circleimageview:2.1.0] AndroidManifest.xml:9:5-20
MERGED from [com.android.volley:volley:1.0.0] AndroidManifest.xml:9:5-20
MERGED from [org.honorato.multistatetogglebutton:multistatetogglebutton:0.2.2] AndroidManifest.xml:11:5-20
MERGED from [com.android.support:appcompat-v7:25.0.0] AndroidManifest.xml:25:5-20
MERGED from [com.android.support:support-v4:25.0.0] AndroidManifest.xml:25:5-20
MERGED from [com.android.support:support-compat:25.0.0] AndroidManifest.xml:25:5-20
MERGED from [com.android.support:support-media-compat:25.0.0] AndroidManifest.xml:25:5-20
MERGED from [com.android.support:support-core-utils:25.0.0] AndroidManifest.xml:25:5-20
MERGED from [com.android.support:support-core-ui:25.0.0] AndroidManifest.xml:25:5-20
MERGED from [com.android.support:support-fragment:25.0.0] AndroidManifest.xml:25:5-20
MERGED from [com.android.support:support-vector-drawable:25.0.0] AndroidManifest.xml:23:5-20
MERGED from [com.android.support:animated-vector-drawable:25.0.0] AndroidManifest.xml:22:5-20
MERGED from [com.android.support:design:25.0.0] AndroidManifest.xml:25:5-20
MERGED from [com.android.support:transition:25.0.0] AndroidManifest.xml:22:5-20
MERGED from [com.facebook.android:facebook-android-sdk:4.17.0] AndroidManifest.xml:28:5-38:19
MERGED from [com.android.support:cardview-v7:25.0.0] AndroidManifest.xml:22:5-20
MERGED from [com.android.support:customtabs:25.0.0] AndroidManifest.xml:22:5-20
	android:label
		ADDED from src/main/AndroidManifest.xml:14:9-41
	android:supportsRtl
		ADDED from src/main/AndroidManifest.xml:15:9-35
	android:allowBackup
		ADDED from src/main/AndroidManifest.xml:12:9-35
	android:icon
		ADDED from src/main/AndroidManifest.xml:13:9-40
	android:theme
		ADDED from src/main/AndroidManifest.xml:16:9-40
meta-data#com.facebook.sdk.ApplicationId
ADDED from src/main/AndroidManifest.xml:17:9-19:55
	android:value
		ADDED from src/main/AndroidManifest.xml:19:13-52
	android:name
		ADDED from src/main/AndroidManifest.xml:18:13-58
activity#h.example.adityaaggarwal.h.DetailsActivity
ADDED from src/main/AndroidManifest.xml:22:9-28:20
	android:theme
		ADDED from src/main/AndroidManifest.xml:24:13-69
	android:name
		ADDED from src/main/AndroidManifest.xml:23:13-44
meta-data#android.support.PARENT_ACTIVITY
ADDED from src/main/AndroidManifest.xml:25:13-27:49
	android:value
		ADDED from src/main/AndroidManifest.xml:27:17-46
	android:name
		ADDED from src/main/AndroidManifest.xml:26:17-63
activity#h.example.adityaaggarwal.h.RequestActivity
ADDED from src/main/AndroidManifest.xml:29:9-53
	android:name
		ADDED from src/main/AndroidManifest.xml:29:19-50
activity#h.example.adityaaggarwal.h.UserActivity
ADDED from src/main/AndroidManifest.xml:30:9-50
	android:name
		ADDED from src/main/AndroidManifest.xml:30:19-47
activity#h.example.adityaaggarwal.h.RegisterActivity
ADDED from src/main/AndroidManifest.xml:31:9-54
	android:name
		ADDED from src/main/AndroidManifest.xml:31:19-51
activity#h.example.adityaaggarwal.h.SplashActivity
ADDED from src/main/AndroidManifest.xml:32:9-38:20
	android:name
		ADDED from src/main/AndroidManifest.xml:32:19-49
intent-filter#android.intent.action.MAIN+android.intent.category.LAUNCHER
ADDED from src/main/AndroidManifest.xml:33:13-37:29
action#android.intent.action.MAIN
ADDED from src/main/AndroidManifest.xml:34:17-69
	android:name
		ADDED from src/main/AndroidManifest.xml:34:25-66
category#android.intent.category.LAUNCHER
ADDED from src/main/AndroidManifest.xml:36:17-77
	android:name
		ADDED from src/main/AndroidManifest.xml:36:27-74
activity#h.example.adityaaggarwal.h.LoginActivity
ADDED from src/main/AndroidManifest.xml:39:9-51
	android:name
		ADDED from src/main/AndroidManifest.xml:39:19-48
activity#com.facebook.FacebookActivity
ADDED from src/main/AndroidManifest.xml:40:9-43:48
MERGED from [com.facebook.android:facebook-android-sdk:4.17.0] AndroidManifest.xml:29:9-32:66
	android:label
		ADDED from src/main/AndroidManifest.xml:43:13-45
	android:configChanges
		ADDED from src/main/AndroidManifest.xml:42:13-96
	android:theme
		ADDED from [com.facebook.android:facebook-android-sdk:4.17.0] AndroidManifest.xml:32:13-63
	android:name
		ADDED from src/main/AndroidManifest.xml:41:13-57
activity#com.facebook.CustomTabActivity
ADDED from src/main/AndroidManifest.xml:44:9-55:20
MERGED from [com.facebook.android:facebook-android-sdk:4.17.0] AndroidManifest.xml:33:9-36:20
	android:exported
		ADDED from src/main/AndroidManifest.xml:46:13-36
	android:name
		ADDED from src/main/AndroidManifest.xml:45:13-58
intent-filter#android.intent.action.VIEW+android.intent.category.BROWSABLE+android.intent.category.DEFAULT
ADDED from src/main/AndroidManifest.xml:47:13-54:29
action#android.intent.action.VIEW
ADDED from src/main/AndroidManifest.xml:48:17-69
	android:name
		ADDED from src/main/AndroidManifest.xml:48:25-66
category#android.intent.category.DEFAULT
ADDED from src/main/AndroidManifest.xml:50:17-76
	android:name
		ADDED from src/main/AndroidManifest.xml:50:27-73
category#android.intent.category.BROWSABLE
ADDED from src/main/AndroidManifest.xml:51:17-78
	android:name
		ADDED from src/main/AndroidManifest.xml:51:27-75
data
ADDED from src/main/AndroidManifest.xml:53:17-75
	android:scheme
		ADDED from src/main/AndroidManifest.xml:53:23-72
activity#h.example.adityaaggarwal.h.DescriptionActivity
ADDED from src/main/AndroidManifest.xml:56:9-57
	android:name
		ADDED from src/main/AndroidManifest.xml:56:19-54
uses-sdk
INJECTED from src/main/AndroidManifest.xml reason: use-sdk injection requested
MERGED from [de.hdodenhof:circleimageview:2.1.0] AndroidManifest.xml:5:5-7:41
MERGED from [com.android.volley:volley:1.0.0] AndroidManifest.xml:7:5-43
MERGED from [org.honorato.multistatetogglebutton:multistatetogglebutton:0.2.2] AndroidManifest.xml:7:5-9:41
MERGED from [com.android.support:appcompat-v7:25.0.0] AndroidManifest.xml:21:5-23:78
MERGED from [com.android.support:support-v4:25.0.0] AndroidManifest.xml:21:5-23:54
MERGED from [com.android.support:support-compat:25.0.0] AndroidManifest.xml:21:5-23:58
MERGED from [com.android.support:support-media-compat:25.0.0] AndroidManifest.xml:21:5-23:63
MERGED from [com.android.support:support-core-utils:25.0.0] AndroidManifest.xml:21:5-23:61
MERGED from [com.android.support:support-core-ui:25.0.0] AndroidManifest.xml:21:5-23:58
MERGED from [com.android.support:support-fragment:25.0.0] AndroidManifest.xml:21:5-23:60
MERGED from [com.android.support:support-vector-drawable:25.0.0] AndroidManifest.xml:21:5-43
MERGED from [com.android.support:animated-vector-drawable:25.0.0] AndroidManifest.xml:20:5-44
MERGED from [com.mikepenz:materialdrawer:5.7.0] AndroidManifest.xml:8:5-10:41
MERGED from [com.android.support:recyclerview-v7:25.0.0] AndroidManifest.xml:20:5-43
MERGED from [com.android.support:design:25.0.0] AndroidManifest.xml:21:5-23:62
MERGED from [com.android.support:transition:25.0.0] AndroidManifest.xml:20:5-44
MERGED from [com.mikepenz:materialize:1.0.0] AndroidManifest.xml:8:5-10:41
MERGED from [com.mikepenz:iconics-core:2.8.0] AndroidManifest.xml:8:5-10:41
MERGED from [com.mikepenz:fastadapter:2.0.0] AndroidManifest.xml:8:5-10:41
MERGED from [com.facebook.android:facebook-android-sdk:4.17.0] AndroidManifest.xml:24:5-26:41
MERGED from [com.android.support:cardview-v7:25.0.0] AndroidManifest.xml:20:5-43
MERGED from [com.android.support:customtabs:25.0.0] AndroidManifest.xml:20:5-44
	tools:overrideLibrary
		ADDED from [com.android.support:appcompat-v7:25.0.0] AndroidManifest.xml:23:9-75
	android:targetSdkVersion
		INJECTED from src/main/AndroidManifest.xml
		INJECTED from src/main/AndroidManifest.xml
	android:minSdkVersion
		INJECTED from src/main/AndroidManifest.xml
		INJECTED from src/main/AndroidManifest.xml
activity#com.facebook.CustomTabMainActivity
ADDED from [com.facebook.android:facebook-android-sdk:4.17.0] AndroidManifest.xml:37:9-71
	android:name
		ADDED from [com.facebook.android:facebook-android-sdk:4.17.0] AndroidManifest.xml:37:19-68